<?xml version="1.0" encoding="UTF-8"?>
<testng-results ignored="0" total="1" passed="1" failed="0" skipped="0">
  <reporter-output>
  </reporter-output>
  <suite started-at="2024-10-25T19:47:07 IST" name="Default suite" finished-at="2024-10-25T19:47:24 IST" duration-ms="17063">
    <groups>
    </groups>
    <test started-at="2024-10-25T19:47:07 IST" name="Default test" finished-at="2024-10-25T19:47:24 IST" duration-ms="17063">
      <class name="functional.TC_3">
        <test-method is-config="true" signature="precondition()[pri:0, instance:functional.TC_3@43bc63a3]" started-at="2024-10-25T19:47:07 IST" name="precondition" finished-at="2024-10-25T19:47:09 IST" duration-ms="2220" status="PASS">
          <reporter-output>
          </reporter-output>
        </test-method> <!-- precondition -->
        <test-method is-config="true" signature="login()[pri:0, instance:functional.TC_3@43bc63a3]" started-at="2024-10-25T19:47:09 IST" name="login" finished-at="2024-10-25T19:47:12 IST" duration-ms="3174" status="PASS">
          <reporter-output>
          </reporter-output>
        </test-method> <!-- login -->
        <test-method signature="test3()[pri:0, instance:functional.TC_3@43bc63a3]" started-at="2024-10-25T19:47:12 IST" name="test3" finished-at="2024-10-25T19:47:22 IST" duration-ms="10005" status="PASS">
          <reporter-output>
          </reporter-output>
        </test-method> <!-- test3 -->
        <test-method is-config="true" signature="signout()[pri:0, instance:functional.TC_3@43bc63a3]" started-at="2024-10-25T19:47:22 IST" name="signout" finished-at="2024-10-25T19:47:23 IST" duration-ms="1498" status="PASS">
          <reporter-output>
          </reporter-output>
        </test-method> <!-- signout -->
        <test-method is-config="true" signature="postcondition()[pri:0, instance:functional.TC_3@43bc63a3]" started-at="2024-10-25T19:47:23 IST" name="postcondition" finished-at="2024-10-25T19:47:24 IST" duration-ms="145" status="PASS">
          <reporter-output>
          </reporter-output>
        </test-method> <!-- postcondition -->
      </class> <!-- functional.TC_3 -->
    </test> <!-- Default test -->
  </suite> <!-- Default suite -->
</testng-results>
